 INFO [2024-05-22 17:45:04,538] (%D:10) - **********************************************************************************************
 INFO [2024-05-22 17:45:04,541] (%D:11) - $$$$$$$$$$$$$$$$$$$$$$$$$$$$$$$$Verify the Assign Equipment and Return equipment functionality      $$$$$$$$$$$$$$$$$$$$$$$$$$$$$$$$$$$$$$$$$$$$$$
 INFO [2024-05-22 17:45:04,542] (%D:12) - ***********************************************************************************************
 INFO [2024-05-22 17:45:29,617] (%D:22) - Clicked on clicked
 INFO [2024-05-22 17:45:29,789] (%D:22) - Text Entered into Enter Email id
 INFO [2024-05-22 17:45:49,990] (%D:22) - Clicked on clicked
 INFO [2024-05-22 17:45:50,111] (%D:22) - Text Entered into Enter password
 INFO [2024-05-22 17:46:10,333] (%D:22) - Clicked on Login
 INFO [2024-05-22 17:46:30,691] (%D:22) - Clicked on Equipment Module
 INFO [2024-05-22 17:46:31,253] (%D:22) - Clicked on Add new Equipment Module
 INFO [2024-05-22 17:46:31,642] (%D:22) - Text Entered into EquipmentDescription
 INFO [2024-05-22 17:46:31,950] (%D:22) - Clicked on equipment description
 INFO [2024-05-22 17:46:32,120] (%D:22) - Text Entered into EquipmentDescription
 INFO [2024-05-22 17:46:32,250] (%D:22) - Clicked on client name selected
 INFO [2024-05-22 17:46:32,400] (%D:22) - Clicked on John Fred
 INFO [2024-05-22 17:46:34,623] (%D:22) - Clicked on site name selected
 INFO [2024-05-22 17:46:34,756] (%D:22) - Clicked on sativa
 INFO [2024-05-22 17:46:34,904] (%D:22) - Clicked on equipment type name selected
 INFO [2024-05-22 17:46:35,026] (%D:22) - Clicked on Electronic Device
 INFO [2024-05-22 17:46:40,253] (%D:22) - Clicked on equipment license number
 INFO [2024-05-22 17:46:45,493] (%D:22) - Text Entered into Equipemnt
 INFO [2024-05-22 17:46:45,679] (%D:22) - Clicked on equipment serial number
 INFO [2024-05-22 17:46:45,815] (%D:22) - Text Entered into serial number
 INFO [2024-05-22 17:46:48,014] (%D:22) - Clicked on equipment type name selected
 INFO [2024-05-22 17:46:50,140] (%D:22) - Clicked on YES
 INFO [2024-05-22 17:46:50,251] (%D:22) - Clicked on YES
 INFO [2024-05-22 17:46:50,405] (%D:22) - Clicked on equipment type name selected
 INFO [2024-05-22 17:46:50,513] (%D:22) - Clicked on Doubel Barrel
 INFO [2024-05-22 17:46:50,750] (%D:22) - Clicked on select the expiry date
 INFO [2024-05-22 17:46:50,917] (%D:22) - Clicked on Diet-12
 INFO [2024-05-22 17:46:53,109] (%D:22) - Clicked on save and continue button
 INFO [2024-05-22 17:46:59,308] (%D:22) - Clicked on inactive equipment
 INFO [2024-05-22 17:47:09,591] (%D:22) - Clicked on filter
 INFO [2024-05-22 17:47:19,830] (%D:22) - Text Entered into equipment name
 INFO [2024-05-22 17:47:29,876] (%D:30) - New Equipment is not created
 INFO [2024-05-22 17:47:30,082] (%D:17) - $$$$$$$$$$$$$$$$$$$$$$$$$$$$$$$$---END---$$$$$$$$$$$$$$$$$$$$$$$$$$$$$$$$$$$$$$$$$$$$$$
 INFO [2024-05-22 17:47:30,082] (%D:18) -     
 INFO [2024-05-22 17:48:15,233] (%D:10) - **********************************************************************************************
 INFO [2024-05-22 17:48:15,237] (%D:11) - $$$$$$$$$$$$$$$$$$$$$$$$$$$$$$$$Verify the Assign Equipment and Return equipment functionality      $$$$$$$$$$$$$$$$$$$$$$$$$$$$$$$$$$$$$$$$$$$$$$
 INFO [2024-05-22 17:48:15,237] (%D:12) - ***********************************************************************************************
 INFO [2024-05-22 17:48:38,926] (%D:22) - Clicked on clicked
 INFO [2024-05-22 17:48:39,093] (%D:22) - Text Entered into Enter Email id
 INFO [2024-05-22 17:48:59,290] (%D:22) - Clicked on clicked
 INFO [2024-05-22 17:48:59,434] (%D:22) - Text Entered into Enter password
 INFO [2024-05-22 17:49:19,643] (%D:22) - Clicked on Login
 INFO [2024-05-22 17:49:40,010] (%D:22) - Clicked on Equipment Module
 INFO [2024-05-22 17:49:40,366] (%D:22) - Clicked on Add new Equipment Module
 INFO [2024-05-22 17:49:40,763] (%D:22) - Text Entered into EquipmentDescription
 INFO [2024-05-22 17:49:41,016] (%D:22) - Clicked on equipment description
 INFO [2024-05-22 17:49:41,227] (%D:22) - Text Entered into EquipmentDescription
 INFO [2024-05-22 17:49:41,389] (%D:22) - Clicked on client name selected
 INFO [2024-05-22 17:49:41,561] (%D:22) - Clicked on John Fred
 INFO [2024-05-22 17:49:43,748] (%D:22) - Clicked on site name selected
 INFO [2024-05-22 17:49:43,885] (%D:22) - Clicked on sativa
 INFO [2024-05-22 17:49:44,035] (%D:22) - Clicked on equipment type name selected
 INFO [2024-05-22 17:49:44,142] (%D:22) - Clicked on Electronic Device
 INFO [2024-05-22 17:49:49,401] (%D:22) - Clicked on equipment license number
 INFO [2024-05-22 17:49:54,644] (%D:22) - Text Entered into Equipemnt
 INFO [2024-05-22 17:49:54,840] (%D:22) - Clicked on equipment serial number
 INFO [2024-05-22 17:49:54,985] (%D:22) - Text Entered into serial number
 INFO [2024-05-22 17:49:57,153] (%D:22) - Clicked on equipment type name selected
 INFO [2024-05-22 17:49:59,289] (%D:22) - Clicked on YES
 INFO [2024-05-22 17:49:59,397] (%D:22) - Clicked on YES
 INFO [2024-05-22 17:49:59,569] (%D:22) - Clicked on equipment type name selected
 INFO [2024-05-22 17:49:59,681] (%D:22) - Clicked on Doubel Barrel
 INFO [2024-05-22 17:49:59,893] (%D:22) - Clicked on select the expiry date
 INFO [2024-05-22 17:50:00,062] (%D:22) - Clicked on Diet-13
 INFO [2024-05-22 17:50:02,238] (%D:22) - Clicked on save and continue button
 INFO [2024-05-22 17:50:08,434] (%D:22) - Clicked on inactive equipment
 INFO [2024-05-22 17:50:18,685] (%D:22) - Clicked on filter
 INFO [2024-05-22 17:50:28,890] (%D:22) - Text Entered into equipment name
 INFO [2024-05-22 17:50:38,938] (%D:22) - New Equipment is created
 INFO [2024-05-22 17:50:39,144] (%D:22) - Clicked on EquipmentName
 INFO [2024-05-22 17:50:44,158] (%D:22) - Clicked on EquipmentName
 INFO [2024-05-22 17:50:44,430] (%D:22) - Clicked on EquipmentName
 INFO [2024-05-22 17:50:46,283] (%D:22) - Clicked on EquipmentName
 INFO [2024-05-22 17:50:46,430] (%D:22) - Clicked on EquipmentName
 INFO [2024-05-22 17:50:46,613] (%D:22) - Clicked on EquipmentName
 INFO [2024-05-22 17:50:46,764] (%D:22) - Clicked on EquipmentName
 INFO [2024-05-22 17:50:54,054] (%D:22) - Clicked on filter
 INFO [2024-05-22 17:51:04,279] (%D:22) - Text Entered into equipment name
 INFO [2024-05-22 17:51:14,316] (%D:22) - New Equipment is created
 INFO [2024-05-22 17:51:14,545] (%D:22) - Clicked on EquipmentName
 INFO [2024-05-22 17:51:19,436] (%D:22) - Clicked on ReturnEquipment
 INFO [2024-05-22 17:51:20,028] (%D:22) - Clicked on returnComments
 INFO [2024-05-22 17:51:20,192] (%D:22) - Text Entered into returnComments
 INFO [2024-05-22 17:51:20,341] (%D:22) - Clicked on ReurnState
 INFO [2024-05-22 17:51:22,517] (%D:22) - Clicked on EquipmentName
 INFO [2024-05-22 17:51:22,670] (%D:22) - Clicked on SubmitButton
 INFO [2024-05-22 17:51:26,909] (%D:22) - Clicked on inactive equipment
 INFO [2024-05-22 17:51:31,928] (%D:17) - $$$$$$$$$$$$$$$$$$$$$$$$$$$$$$$$---END---$$$$$$$$$$$$$$$$$$$$$$$$$$$$$$$$$$$$$$$$$$$$$$
 INFO [2024-05-22 17:51:31,929] (%D:18) -     
 INFO [2024-05-22 17:52:53,948] (%D:10) - **********************************************************************************************
 INFO [2024-05-22 17:52:53,953] (%D:11) - $$$$$$$$$$$$$$$$$$$$$$$$$$$$$$$$Verify the Assign Equipment and Return equipment functionality      $$$$$$$$$$$$$$$$$$$$$$$$$$$$$$$$$$$$$$$$$$$$$$
 INFO [2024-05-22 17:52:53,953] (%D:12) - ***********************************************************************************************
 INFO [2024-05-22 17:53:15,810] (%D:22) - Clicked on clicked
 INFO [2024-05-22 17:53:15,974] (%D:22) - Text Entered into Enter Email id
 INFO [2024-05-22 17:53:36,187] (%D:22) - Clicked on clicked
 INFO [2024-05-22 17:53:36,332] (%D:22) - Text Entered into Enter password
 INFO [2024-05-22 17:53:56,527] (%D:22) - Clicked on Login
 INFO [2024-05-22 17:54:16,904] (%D:22) - Clicked on Equipment Module
 INFO [2024-05-22 17:54:17,299] (%D:22) - Clicked on Add new Equipment Module
 INFO [2024-05-22 17:54:17,667] (%D:22) - Text Entered into EquipmentDescription
 INFO [2024-05-22 17:54:17,979] (%D:22) - Clicked on equipment description
 INFO [2024-05-22 17:54:18,173] (%D:22) - Text Entered into EquipmentDescription
 INFO [2024-05-22 17:54:18,308] (%D:22) - Clicked on client name selected
 INFO [2024-05-22 17:54:18,457] (%D:22) - Clicked on John Fred
 INFO [2024-05-22 17:54:20,649] (%D:22) - Clicked on site name selected
 INFO [2024-05-22 17:54:20,780] (%D:22) - Clicked on sativa
 INFO [2024-05-22 17:54:20,933] (%D:22) - Clicked on equipment type name selected
 INFO [2024-05-22 17:54:21,049] (%D:22) - Clicked on Electronic Device
 INFO [2024-05-22 17:54:26,274] (%D:22) - Clicked on equipment license number
 INFO [2024-05-22 17:54:31,521] (%D:22) - Text Entered into Equipemnt
 INFO [2024-05-22 17:54:31,711] (%D:22) - Clicked on equipment serial number
 INFO [2024-05-22 17:54:31,855] (%D:22) - Text Entered into serial number
 INFO [2024-05-22 17:54:34,080] (%D:22) - Clicked on equipment type name selected
 INFO [2024-05-22 17:54:36,231] (%D:22) - Clicked on YES
 INFO [2024-05-22 17:54:36,359] (%D:22) - Clicked on YES
 INFO [2024-05-22 17:54:36,490] (%D:22) - Clicked on equipment type name selected
 INFO [2024-05-22 17:54:36,583] (%D:22) - Clicked on Doubel Barrel
 INFO [2024-05-22 17:54:36,799] (%D:22) - Clicked on select the expiry date
 INFO [2024-05-22 17:54:36,964] (%D:22) - Clicked on Diet-13
 INFO [2024-05-22 17:54:39,151] (%D:22) - Clicked on save and continue button
 INFO [2024-05-22 17:55:05,365] (%D:30) - Element not available
 INFO [2024-05-22 17:55:05,599] (%D:17) - $$$$$$$$$$$$$$$$$$$$$$$$$$$$$$$$---END---$$$$$$$$$$$$$$$$$$$$$$$$$$$$$$$$$$$$$$$$$$$$$$
 INFO [2024-05-22 17:55:05,599] (%D:18) -     
 INFO [2024-05-23 10:32:44,189] (%D:10) - **********************************************************************************************
 INFO [2024-05-23 10:32:44,193] (%D:11) - $$$$$$$$$$$$$$$$$$$$$$$$$$$$$$$$Verify the Assign Equipment and Return equipment functionality      $$$$$$$$$$$$$$$$$$$$$$$$$$$$$$$$$$$$$$$$$$$$$$
 INFO [2024-05-23 10:32:44,194] (%D:12) - ***********************************************************************************************
 INFO [2024-05-23 10:33:08,090] (%D:22) - Clicked on clicked
 INFO [2024-05-23 10:33:08,257] (%D:22) - Text Entered into Enter Email id
 INFO [2024-05-23 10:33:28,448] (%D:22) - Clicked on clicked
 INFO [2024-05-23 10:33:28,575] (%D:22) - Text Entered into Enter password
 INFO [2024-05-23 10:33:48,768] (%D:22) - Clicked on Login
 INFO [2024-05-23 10:34:09,163] (%D:22) - Clicked on Equipment Module
 INFO [2024-05-23 10:34:09,594] (%D:22) - Clicked on Add new Equipment Module
 INFO [2024-05-23 10:34:10,009] (%D:22) - Text Entered into EquipmentDescription
 INFO [2024-05-23 10:34:10,304] (%D:22) - Clicked on equipment description
 INFO [2024-05-23 10:34:10,487] (%D:22) - Text Entered into EquipmentDescription
 INFO [2024-05-23 10:34:10,636] (%D:22) - Clicked on client name selected
 INFO [2024-05-23 10:34:10,794] (%D:22) - Clicked on John Fred
 INFO [2024-05-23 10:34:13,043] (%D:22) - Clicked on site name selected
 INFO [2024-05-23 10:34:13,181] (%D:22) - Clicked on sativa
 INFO [2024-05-23 10:34:13,342] (%D:22) - Clicked on equipment type name selected
 INFO [2024-05-23 10:34:13,462] (%D:22) - Clicked on Electronic Device
 INFO [2024-05-23 10:34:18,716] (%D:22) - Clicked on equipment license number
 INFO [2024-05-23 10:34:23,922] (%D:22) - Text Entered into Equipemnt
 INFO [2024-05-23 10:34:24,115] (%D:22) - Clicked on equipment serial number
 INFO [2024-05-23 10:34:24,255] (%D:22) - Text Entered into serial number
 INFO [2024-05-23 10:34:26,458] (%D:22) - Clicked on equipment type name selected
 INFO [2024-05-23 10:34:28,628] (%D:22) - Clicked on YES
 INFO [2024-05-23 10:34:28,748] (%D:22) - Clicked on YES
 INFO [2024-05-23 10:34:28,899] (%D:22) - Clicked on equipment type name selected
 INFO [2024-05-23 10:34:28,994] (%D:22) - Clicked on Doubel Barrel
 INFO [2024-05-23 10:34:29,207] (%D:22) - Clicked on select the expiry date
 INFO [2024-05-23 10:34:29,368] (%D:22) - Clicked on Diet-15
 INFO [2024-05-23 10:34:31,562] (%D:22) - Clicked on save and continue button
 INFO [2024-05-23 10:34:37,799] (%D:22) - Clicked on inactive equipment
 INFO [2024-05-23 10:34:48,051] (%D:22) - Clicked on filter
 INFO [2024-05-23 10:34:58,325] (%D:22) - Text Entered into equipment name
 INFO [2024-05-23 10:35:08,377] (%D:22) - New Equipment is created
 INFO [2024-05-23 10:35:08,598] (%D:22) - Clicked on EquipmentName
 INFO [2024-05-23 10:35:13,665] (%D:22) - Clicked on EquipmentName
 INFO [2024-05-23 10:35:13,940] (%D:22) - Clicked on EquipmentName
 INFO [2024-05-23 10:35:15,234] (%D:22) - Clicked on EquipmentName
 INFO [2024-05-23 10:35:15,406] (%D:22) - Clicked on EquipmentName
 INFO [2024-05-23 10:35:15,570] (%D:22) - Clicked on EquipmentName
 INFO [2024-05-23 10:35:15,718] (%D:22) - Clicked on EquipmentName
 INFO [2024-05-23 10:35:22,971] (%D:22) - Clicked on filter
 INFO [2024-05-23 10:35:33,171] (%D:22) - Text Entered into equipment name
 INFO [2024-05-23 10:35:43,204] (%D:22) - New Equipment is created
 INFO [2024-05-23 10:35:43,428] (%D:22) - Clicked on EquipmentName
 INFO [2024-05-23 10:35:48,347] (%D:22) - Clicked on ReturnEquipment
 INFO [2024-05-23 10:35:48,811] (%D:22) - Clicked on returnComments
 INFO [2024-05-23 10:35:49,001] (%D:22) - Text Entered into returnComments
 INFO [2024-05-23 10:35:49,137] (%D:22) - Clicked on ReurnState
 INFO [2024-05-23 10:35:51,308] (%D:22) - Clicked on EquipmentName
 INFO [2024-05-23 10:35:51,460] (%D:22) - Clicked on SubmitButton
 INFO [2024-05-23 10:35:55,697] (%D:22) - Clicked on faulty
 INFO [2024-05-23 10:36:40,929] (%D:22) - Clicked on filter
 INFO [2024-05-23 10:36:51,169] (%D:22) - Text Entered into equipment name
 INFO [2024-05-23 10:37:01,203] (%D:22) - New Equipment is created
 INFO [2024-05-23 10:37:01,206] (%D:17) - $$$$$$$$$$$$$$$$$$$$$$$$$$$$$$$$---END---$$$$$$$$$$$$$$$$$$$$$$$$$$$$$$$$$$$$$$$$$$$$$$
 INFO [2024-05-23 10:37:01,206] (%D:18) -     
 INFO [2024-05-23 10:47:22,919] (%D:10) - **********************************************************************************************
 INFO [2024-05-23 10:47:22,923] (%D:11) - $$$$$$$$$$$$$$$$$$$$$$$$$$$$$$$$Verify the Assign Equipment and Return equipment functionality      $$$$$$$$$$$$$$$$$$$$$$$$$$$$$$$$$$$$$$$$$$$$$$
 INFO [2024-05-23 10:47:22,924] (%D:12) - ***********************************************************************************************
 INFO [2024-05-23 10:47:44,791] (%D:22) - Clicked on clicked
 INFO [2024-05-23 10:47:44,962] (%D:22) - Text Entered into Enter Email id
 INFO [2024-05-23 10:48:05,173] (%D:22) - Clicked on clicked
 INFO [2024-05-23 10:48:05,298] (%D:22) - Text Entered into Enter password
 INFO [2024-05-23 10:48:25,502] (%D:22) - Clicked on Login
 INFO [2024-05-23 10:48:45,882] (%D:22) - Clicked on Equipment Module
 INFO [2024-05-23 10:48:46,321] (%D:22) - Clicked on Add new Equipment Module
 INFO [2024-05-23 10:48:46,742] (%D:22) - Text Entered into EquipmentDescription
 INFO [2024-05-23 10:48:47,032] (%D:22) - Clicked on equipment description
 INFO [2024-05-23 10:48:47,225] (%D:22) - Text Entered into EquipmentDescription
 INFO [2024-05-23 10:48:47,364] (%D:22) - Clicked on client name selected
 INFO [2024-05-23 10:48:47,525] (%D:22) - Clicked on John Fred
 INFO [2024-05-23 10:48:49,703] (%D:22) - Clicked on site name selected
 INFO [2024-05-23 10:48:49,859] (%D:22) - Clicked on sativa
 INFO [2024-05-23 10:48:50,025] (%D:22) - Clicked on equipment type name selected
 INFO [2024-05-23 10:48:50,145] (%D:22) - Clicked on Electronic Device
 INFO [2024-05-23 10:48:55,394] (%D:22) - Clicked on equipment license number
 INFO [2024-05-23 10:49:00,612] (%D:22) - Text Entered into Equipemnt
 INFO [2024-05-23 10:49:00,807] (%D:22) - Clicked on equipment serial number
 INFO [2024-05-23 10:49:00,967] (%D:22) - Text Entered into serial number
 INFO [2024-05-23 10:49:03,139] (%D:22) - Clicked on equipment type name selected
 INFO [2024-05-23 10:49:05,305] (%D:22) - Clicked on YES
 INFO [2024-05-23 10:49:05,454] (%D:22) - Clicked on YES
 INFO [2024-05-23 10:49:05,608] (%D:22) - Clicked on equipment type name selected
 INFO [2024-05-23 10:49:05,712] (%D:22) - Clicked on Doubel Barrel
 INFO [2024-05-23 10:49:05,938] (%D:22) - Clicked on select the expiry date
 INFO [2024-05-23 10:49:06,121] (%D:22) - Clicked on Diet-15
 INFO [2024-05-23 10:49:08,278] (%D:22) - Clicked on save and continue button
 INFO [2024-05-23 10:49:34,595] (%D:30) - Element not available
 INFO [2024-05-23 10:49:34,809] (%D:17) - $$$$$$$$$$$$$$$$$$$$$$$$$$$$$$$$---END---$$$$$$$$$$$$$$$$$$$$$$$$$$$$$$$$$$$$$$$$$$$$$$
 INFO [2024-05-23 10:49:34,809] (%D:18) -     
 INFO [2024-05-23 11:07:47,223] (%D:10) - **********************************************************************************************
 INFO [2024-05-23 11:07:47,226] (%D:11) - $$$$$$$$$$$$$$$$$$$$$$$$$$$$$$$$Verify the Assign Equipment and Return equipment functionality      $$$$$$$$$$$$$$$$$$$$$$$$$$$$$$$$$$$$$$$$$$$$$$
 INFO [2024-05-23 11:07:47,227] (%D:12) - ***********************************************************************************************
 INFO [2024-05-23 11:08:10,959] (%D:22) - Clicked on clicked
 INFO [2024-05-23 11:08:11,130] (%D:22) - Text Entered into Enter Email id
 INFO [2024-05-23 11:08:31,356] (%D:22) - Clicked on clicked
 INFO [2024-05-23 11:08:31,499] (%D:22) - Text Entered into Enter password
 INFO [2024-05-23 11:08:51,672] (%D:22) - Clicked on Login
 INFO [2024-05-23 11:09:12,043] (%D:22) - Clicked on Equipment Module
 INFO [2024-05-23 11:09:12,397] (%D:22) - Clicked on Add new Equipment Module
 INFO [2024-05-23 11:09:12,779] (%D:22) - Text Entered into EquipmentDescription
 INFO [2024-05-23 11:09:13,047] (%D:22) - Clicked on equipment description
 INFO [2024-05-23 11:09:13,239] (%D:22) - Text Entered into EquipmentDescription
 INFO [2024-05-23 11:09:13,380] (%D:22) - Clicked on client name selected
 INFO [2024-05-23 11:09:13,537] (%D:22) - Clicked on John Fred
 INFO [2024-05-23 11:09:15,738] (%D:22) - Clicked on site name selected
 INFO [2024-05-23 11:09:15,852] (%D:22) - Clicked on sativa
 INFO [2024-05-23 11:09:15,993] (%D:22) - Clicked on equipment type name selected
 INFO [2024-05-23 11:09:16,106] (%D:22) - Clicked on Electronic Device
 INFO [2024-05-23 11:09:21,294] (%D:22) - Clicked on equipment license number
 INFO [2024-05-23 11:09:26,523] (%D:22) - Text Entered into Equipemnt
 INFO [2024-05-23 11:09:26,717] (%D:22) - Clicked on equipment serial number
 INFO [2024-05-23 11:09:26,861] (%D:22) - Text Entered into serial number
 INFO [2024-05-23 11:09:29,047] (%D:22) - Clicked on equipment type name selected
 INFO [2024-05-23 11:09:31,200] (%D:22) - Clicked on YES
 INFO [2024-05-23 11:09:31,332] (%D:22) - Clicked on YES
 INFO [2024-05-23 11:09:31,488] (%D:22) - Clicked on equipment type name selected
 INFO [2024-05-23 11:09:31,603] (%D:22) - Clicked on Doubel Barrel
 INFO [2024-05-23 11:09:31,828] (%D:22) - Clicked on select the expiry date
 INFO [2024-05-23 11:09:31,996] (%D:22) - Clicked on Diet-16
 INFO [2024-05-23 11:09:34,170] (%D:22) - Clicked on save and continue button
 INFO [2024-05-23 11:09:40,394] (%D:22) - Clicked on inactive equipment
 INFO [2024-05-23 11:09:50,703] (%D:22) - Clicked on filter
 INFO [2024-05-23 11:10:00,932] (%D:22) - Text Entered into equipment name
 INFO [2024-05-23 11:10:10,971] (%D:22) - New Equipment is created
 INFO [2024-05-23 11:10:11,191] (%D:22) - Clicked on EquipmentName
 INFO [2024-05-23 11:10:16,267] (%D:22) - Clicked on EquipmentName
 INFO [2024-05-23 11:10:16,540] (%D:22) - Clicked on EquipmentName
 INFO [2024-05-23 11:10:18,377] (%D:22) - Clicked on EquipmentName
 INFO [2024-05-23 11:10:18,567] (%D:22) - Clicked on EquipmentName
 INFO [2024-05-23 11:10:18,737] (%D:22) - Clicked on EquipmentName
 INFO [2024-05-23 11:10:18,905] (%D:22) - Clicked on EquipmentName
 INFO [2024-05-23 11:10:26,214] (%D:22) - Clicked on filter
 INFO [2024-05-23 11:10:36,418] (%D:22) - Text Entered into equipment name
 INFO [2024-05-23 11:10:46,456] (%D:22) - New Equipment is created
 INFO [2024-05-23 11:10:46,677] (%D:22) - Clicked on EquipmentName
 INFO [2024-05-23 11:10:52,128] (%D:22) - Clicked on ReturnEquipment
 INFO [2024-05-23 11:10:52,575] (%D:22) - Clicked on returnComments
 INFO [2024-05-23 11:10:52,725] (%D:22) - Text Entered into returnComments
 INFO [2024-05-23 11:10:52,840] (%D:22) - Clicked on ReurnState
 INFO [2024-05-23 11:10:55,045] (%D:22) - Clicked on EquipmentName
 INFO [2024-05-23 11:10:55,208] (%D:22) - Clicked on SubmitButton
 INFO [2024-05-23 11:10:59,406] (%D:22) - Clicked on faulty
 INFO [2024-05-23 11:11:44,654] (%D:22) - Clicked on filter
 INFO [2024-05-23 11:11:54,888] (%D:22) - Text Entered into equipment name
 INFO [2024-05-23 11:12:04,920] (%D:22) - New Equipment is created
 INFO [2024-05-23 11:12:05,137] (%D:22) - Clicked on EquipmentName
 INFO [2024-05-23 11:12:10,073] (%D:22) - Clicked on DeactivateButton
 INFO [2024-05-23 11:12:14,282] (%D:22) - Clicked on inactive equipment
 INFO [2024-05-23 11:12:24,515] (%D:22) - Clicked on filter
 INFO [2024-05-23 11:12:34,812] (%D:22) - Text Entered into equipment name
 INFO [2024-05-23 11:12:44,844] (%D:22) - New Equipment is created
 INFO [2024-05-23 11:12:45,119] (%D:22) - Clicked on EquipmentName
 INFO [2024-05-23 11:12:50,107] (%D:22) - Clicked on EquipmentName
 INFO [2024-05-23 11:12:50,326] (%D:22) - Clicked on EquipmentName
 INFO [2024-05-23 11:12:51,609] (%D:22) - Clicked on EquipmentName
 INFO [2024-05-23 11:12:51,781] (%D:22) - Clicked on EquipmentName
 INFO [2024-05-23 11:12:51,943] (%D:22) - Clicked on EquipmentName
 INFO [2024-05-23 11:12:52,101] (%D:22) - Clicked on EquipmentName
 INFO [2024-05-23 11:12:59,360] (%D:22) - Clicked on filter
 INFO [2024-05-23 11:13:09,555] (%D:22) - Text Entered into equipment name
 INFO [2024-05-23 11:13:19,591] (%D:22) - New Equipment is created
 INFO [2024-05-23 11:13:19,790] (%D:22) - Clicked on EquipmentName
 INFO [2024-05-23 11:13:24,670] (%D:22) - Clicked on ReturnEquipment
 INFO [2024-05-23 11:13:25,121] (%D:22) - Clicked on returnComments
 INFO [2024-05-23 11:13:25,252] (%D:22) - Text Entered into returnComments
 INFO [2024-05-23 11:13:45,528] (%D:30) - Element not available
 INFO [2024-05-23 11:13:45,771] (%D:17) - $$$$$$$$$$$$$$$$$$$$$$$$$$$$$$$$---END---$$$$$$$$$$$$$$$$$$$$$$$$$$$$$$$$$$$$$$$$$$$$$$
 INFO [2024-05-23 11:13:45,772] (%D:18) -     
 INFO [2024-05-23 11:16:52,408] (%D:10) - **********************************************************************************************
 INFO [2024-05-23 11:16:52,413] (%D:11) - $$$$$$$$$$$$$$$$$$$$$$$$$$$$$$$$Verify the Assign Equipment and Return equipment functionality      $$$$$$$$$$$$$$$$$$$$$$$$$$$$$$$$$$$$$$$$$$$$$$
 INFO [2024-05-23 11:16:52,413] (%D:12) - ***********************************************************************************************
 INFO [2024-05-23 11:17:14,252] (%D:22) - Clicked on clicked
 INFO [2024-05-23 11:17:14,411] (%D:22) - Text Entered into Enter Email id
 INFO [2024-05-23 11:17:34,589] (%D:22) - Clicked on clicked
 INFO [2024-05-23 11:17:34,732] (%D:22) - Text Entered into Enter password
 INFO [2024-05-23 11:17:54,917] (%D:22) - Clicked on Login
 INFO [2024-05-23 11:18:15,268] (%D:22) - Clicked on Equipment Module
 INFO [2024-05-23 11:18:15,579] (%D:22) - Clicked on Add new Equipment Module
 INFO [2024-05-23 11:18:15,989] (%D:22) - Text Entered into EquipmentDescription
 INFO [2024-05-23 11:18:16,245] (%D:22) - Clicked on equipment description
 INFO [2024-05-23 11:18:16,415] (%D:22) - Text Entered into EquipmentDescription
 INFO [2024-05-23 11:18:16,550] (%D:22) - Clicked on client name selected
 INFO [2024-05-23 11:18:16,701] (%D:22) - Clicked on John Fred
 INFO [2024-05-23 11:18:18,893] (%D:22) - Clicked on site name selected
 INFO [2024-05-23 11:18:19,019] (%D:22) - Clicked on sativa
 INFO [2024-05-23 11:18:19,164] (%D:22) - Clicked on equipment type name selected
 INFO [2024-05-23 11:18:19,278] (%D:22) - Clicked on Electronic Device
 INFO [2024-05-23 11:18:24,521] (%D:22) - Clicked on equipment license number
 INFO [2024-05-23 11:18:29,736] (%D:22) - Text Entered into Equipemnt
 INFO [2024-05-23 11:18:29,937] (%D:22) - Clicked on equipment serial number
 INFO [2024-05-23 11:18:30,076] (%D:22) - Text Entered into serial number
 INFO [2024-05-23 11:18:32,310] (%D:22) - Clicked on equipment type name selected
 INFO [2024-05-23 11:18:34,479] (%D:22) - Clicked on YES
 INFO [2024-05-23 11:18:34,593] (%D:22) - Clicked on YES
 INFO [2024-05-23 11:18:34,750] (%D:22) - Clicked on equipment type name selected
 INFO [2024-05-23 11:18:34,860] (%D:22) - Clicked on Doubel Barrel
 INFO [2024-05-23 11:18:35,094] (%D:22) - Clicked on select the expiry date
 INFO [2024-05-23 11:18:35,286] (%D:22) - Clicked on Diet-17
 INFO [2024-05-23 11:18:37,482] (%D:22) - Clicked on save and continue button
 INFO [2024-05-23 11:18:43,762] (%D:22) - Clicked on inactive equipment
 INFO [2024-05-23 11:18:54,006] (%D:22) - Clicked on filter
 INFO [2024-05-23 11:19:04,236] (%D:22) - Text Entered into equipment name
 INFO [2024-05-23 11:19:14,279] (%D:22) - New Equipment is created
 INFO [2024-05-23 11:19:14,491] (%D:22) - Clicked on EquipmentName
 INFO [2024-05-23 11:19:19,491] (%D:22) - Clicked on EquipmentName
 INFO [2024-05-23 11:19:19,748] (%D:22) - Clicked on EquipmentName
 INFO [2024-05-23 11:19:21,033] (%D:22) - Clicked on EquipmentName
 INFO [2024-05-23 11:19:21,193] (%D:22) - Clicked on EquipmentName
 INFO [2024-05-23 11:19:21,379] (%D:22) - Clicked on EquipmentName
 INFO [2024-05-23 11:19:21,526] (%D:22) - Clicked on EquipmentName
 INFO [2024-05-23 11:19:28,833] (%D:22) - Clicked on filter
 INFO [2024-05-23 11:19:39,079] (%D:22) - Text Entered into equipment name
 INFO [2024-05-23 11:19:49,109] (%D:22) - New Equipment is created
 INFO [2024-05-23 11:19:49,300] (%D:22) - Clicked on EquipmentName
 INFO [2024-05-23 11:19:54,155] (%D:22) - Clicked on ReturnEquipment
 INFO [2024-05-23 11:19:54,533] (%D:22) - Clicked on returnComments
 INFO [2024-05-23 11:19:54,674] (%D:22) - Text Entered into returnComments
 INFO [2024-05-23 11:19:54,786] (%D:22) - Clicked on ReurnState
 INFO [2024-05-23 11:19:57,029] (%D:22) - Clicked on EquipmentName
 INFO [2024-05-23 11:19:57,177] (%D:22) - Clicked on SubmitButton
 INFO [2024-05-23 11:20:01,345] (%D:22) - Clicked on faulty
 INFO [2024-05-23 11:20:46,596] (%D:22) - Clicked on filter
 INFO [2024-05-23 11:20:56,829] (%D:22) - Text Entered into equipment name
 INFO [2024-05-23 11:21:06,874] (%D:22) - New Equipment is created
 INFO [2024-05-23 11:21:07,094] (%D:22) - Clicked on EquipmentName
 INFO [2024-05-23 11:21:12,079] (%D:22) - Clicked on DeactivateButton
 INFO [2024-05-23 11:21:16,241] (%D:22) - Clicked on inactive equipment
 INFO [2024-05-23 11:21:26,466] (%D:22) - Clicked on filter
 INFO [2024-05-23 11:21:36,688] (%D:22) - Text Entered into equipment name
 INFO [2024-05-23 11:21:46,722] (%D:22) - New Equipment is created
 INFO [2024-05-23 11:21:46,943] (%D:22) - Clicked on EquipmentName
 INFO [2024-05-23 11:21:51,894] (%D:22) - Clicked on EquipmentName
 INFO [2024-05-23 11:21:52,161] (%D:22) - Clicked on EquipmentName
 INFO [2024-05-23 11:21:53,427] (%D:22) - Clicked on EquipmentName
 INFO [2024-05-23 11:21:53,592] (%D:22) - Clicked on EquipmentName
 INFO [2024-05-23 11:21:53,813] (%D:22) - Clicked on EquipmentName
 INFO [2024-05-23 11:21:54,013] (%D:22) - Clicked on EquipmentName
 INFO [2024-05-23 11:22:01,269] (%D:22) - Clicked on filter
 INFO [2024-05-23 11:22:11,545] (%D:22) - Text Entered into equipment name
 INFO [2024-05-23 11:22:21,579] (%D:22) - New Equipment is created
 INFO [2024-05-23 11:22:21,776] (%D:22) - Clicked on EquipmentName
 INFO [2024-05-23 11:22:26,627] (%D:22) - Clicked on ReturnEquipment
 INFO [2024-05-23 11:22:27,002] (%D:22) - Clicked on returnComments
 INFO [2024-05-23 11:22:27,173] (%D:22) - Text Entered into returnComments
 INFO [2024-05-23 11:22:27,277] (%D:22) - Clicked on ReurnState
 INFO [2024-05-23 11:22:29,460] (%D:22) - Clicked on workingState
 INFO [2024-05-23 11:22:29,628] (%D:22) - Clicked on SubmitButton
 INFO [2024-05-23 11:22:37,792] (%D:22) - Clicked on inactive equipment
 INFO [2024-05-23 11:22:48,044] (%D:22) - Clicked on filter
 INFO [2024-05-23 11:22:58,230] (%D:22) - Text Entered into equipment name
 INFO [2024-05-23 11:23:08,265] (%D:22) - New Equipment is created
 INFO [2024-05-23 11:23:08,269] (%D:17) - $$$$$$$$$$$$$$$$$$$$$$$$$$$$$$$$---END---$$$$$$$$$$$$$$$$$$$$$$$$$$$$$$$$$$$$$$$$$$$$$$
 INFO [2024-05-23 11:23:08,269] (%D:18) -     
 INFO [2024-05-23 11:58:33,418] (%D:10) - **********************************************************************************************
 INFO [2024-05-23 11:58:33,423] (%D:11) - $$$$$$$$$$$$$$$$$$$$$$$$$$$$$$$$Verify the Assign Equipment and Return equipment functionality      $$$$$$$$$$$$$$$$$$$$$$$$$$$$$$$$$$$$$$$$$$$$$$
 INFO [2024-05-23 11:58:33,423] (%D:12) - ***********************************************************************************************
 INFO [2024-05-23 11:58:55,147] (%D:22) - Clicked on clicked
 INFO [2024-05-23 11:58:55,308] (%D:22) - Text Entered into Enter Email id
 INFO [2024-05-23 11:59:15,500] (%D:22) - Clicked on clicked
 INFO [2024-05-23 11:59:15,633] (%D:22) - Text Entered into Enter password
 INFO [2024-05-23 11:59:35,821] (%D:22) - Clicked on Login
 INFO [2024-05-23 11:59:56,174] (%D:22) - Clicked on Equipment Module
 INFO [2024-05-23 11:59:56,530] (%D:22) - Clicked on Add new Equipment Module
 INFO [2024-05-23 11:59:56,972] (%D:22) - Text Entered into EquipmentDescription
 INFO [2024-05-23 11:59:57,238] (%D:22) - Clicked on equipment description
 INFO [2024-05-23 11:59:57,397] (%D:22) - Text Entered into EquipmentDescription
 INFO [2024-05-23 11:59:57,530] (%D:22) - Clicked on client name selected
 INFO [2024-05-23 11:59:57,682] (%D:22) - Clicked on John Fred
 INFO [2024-05-23 11:59:59,859] (%D:22) - Clicked on site name selected
 INFO [2024-05-23 12:00:00,000] (%D:22) - Clicked on sativa
 INFO [2024-05-23 12:00:00,152] (%D:22) - Clicked on equipment type name selected
 INFO [2024-05-23 12:00:00,268] (%D:22) - Clicked on Electronic Device
 INFO [2024-05-23 12:00:05,571] (%D:22) - Clicked on equipment license number
 INFO [2024-05-23 12:00:10,837] (%D:22) - Text Entered into Equipemnt
 INFO [2024-05-23 12:00:11,035] (%D:22) - Clicked on equipment serial number
 INFO [2024-05-23 12:00:11,179] (%D:22) - Text Entered into serial number
 INFO [2024-05-23 12:00:13,370] (%D:22) - Clicked on equipment type name selected
 INFO [2024-05-23 12:00:15,588] (%D:22) - Clicked on YES
 INFO [2024-05-23 12:00:15,712] (%D:22) - Clicked on YES
 INFO [2024-05-23 12:00:15,839] (%D:22) - Clicked on equipment type name selected
 INFO [2024-05-23 12:00:15,935] (%D:22) - Clicked on Doubel Barrel
 INFO [2024-05-23 12:00:16,145] (%D:22) - Clicked on select the expiry date
 INFO [2024-05-23 12:00:16,312] (%D:22) - Clicked on Diet-17
 INFO [2024-05-23 12:00:18,496] (%D:22) - Clicked on save and continue button
 INFO [2024-05-23 12:00:44,856] (%D:30) - Element not available
 INFO [2024-05-23 12:00:45,114] (%D:17) - $$$$$$$$$$$$$$$$$$$$$$$$$$$$$$$$---END---$$$$$$$$$$$$$$$$$$$$$$$$$$$$$$$$$$$$$$$$$$$$$$
 INFO [2024-05-23 12:00:45,114] (%D:18) -     
 INFO [2024-05-23 12:07:26,346] (%D:10) - **********************************************************************************************
 INFO [2024-05-23 12:07:26,350] (%D:11) - $$$$$$$$$$$$$$$$$$$$$$$$$$$$$$$$Verify add new equipemt functionality      $$$$$$$$$$$$$$$$$$$$$$$$$$$$$$$$$$$$$$$$$$$$$$
 INFO [2024-05-23 12:07:26,350] (%D:12) - ***********************************************************************************************
 INFO [2024-05-23 12:07:48,068] (%D:22) - Clicked on clicked
 INFO [2024-05-23 12:07:48,241] (%D:22) - Text Entered into Enter Email id
 INFO [2024-05-23 12:08:08,438] (%D:22) - Clicked on clicked
 INFO [2024-05-23 12:08:08,579] (%D:22) - Text Entered into Enter password
 INFO [2024-05-23 12:08:28,771] (%D:22) - Clicked on Login
 INFO [2024-05-23 12:08:49,098] (%D:22) - Clicked on Equipment Module
 INFO [2024-05-23 12:08:49,838] (%D:22) - Clicked on Equipment Module
 INFO [2024-05-23 12:08:50,041] (%D:22) - Clicked on Add new Equipment Module
 INFO [2024-05-23 12:08:50,045] (%D:22) - Generated Alphanumeric values
 INFO [2024-05-23 12:08:50,191] (%D:22) - Clicked on Equipment name
 INFO [2024-05-23 12:08:50,348] (%D:22) - Text Entered into equipment name
 INFO [2024-05-23 12:08:50,348] (%D:22) - Generated Alphanumeric values
 INFO [2024-05-23 12:08:50,496] (%D:22) - Clicked on equipment license number
 INFO [2024-05-23 12:08:50,635] (%D:22) - Text Entered into Equipemnt
 INFO [2024-05-23 12:08:50,637] (%D:22) - Generated Alphanumeric values
 INFO [2024-05-23 12:08:50,780] (%D:22) - Clicked on equipment serial number
 INFO [2024-05-23 12:08:50,925] (%D:22) - Text Entered into serial number
 INFO [2024-05-23 12:08:53,116] (%D:22) - Clicked on saveAndContinueButton
 INFO [2024-05-23 12:08:55,161] (%D:22) - Give Correct Name
 INFO [2024-05-23 12:08:55,177] (%D:22) - No special Characters Allowed.
 INFO [2024-05-23 12:08:55,192] (%D:22) - No special Characters Allowed.
 INFO [2024-05-23 12:08:55,328] (%D:22) - Clicked on clear button
 INFO [2024-05-23 12:08:57,345] (%D:22) - Generated Alphanumeric values
 INFO [2024-05-23 12:08:57,522] (%D:22) - Clicked on Equipment Description
 INFO [2024-05-23 12:08:58,239] (%D:22) - Text Entered into equipment description
 INFO [2024-05-23 12:08:58,240] (%D:22) - Generated Alphanumeric values
 INFO [2024-05-23 12:08:58,344] (%D:22) - Clicked on Equipment name
 INFO [2024-05-23 12:08:58,517] (%D:22) - Text Entered into equipment name
 INFO [2024-05-23 12:08:58,868] (%D:22) - Text got from Descroption error message
 INFO [2024-05-23 12:08:58,869] (%D:22) - Generated Alphanumeric values
 INFO [2024-05-23 12:08:58,984] (%D:22) - Clicked on equipment license number
 INFO [2024-05-23 12:08:59,227] (%D:22) - Text Entered into Equipemnt
 INFO [2024-05-23 12:08:59,227] (%D:22) - Generated Alphanumeric values
 INFO [2024-05-23 12:08:59,345] (%D:22) - Clicked on equipment serial number
 INFO [2024-05-23 12:08:59,517] (%D:22) - Text Entered into serial number
 INFO [2024-05-23 12:09:01,694] (%D:22) - Clicked on saveAndContinueButton
 INFO [2024-05-23 12:09:03,739] (%D:22) - Maximum 250 Characters Allowed.
 INFO [2024-05-23 12:09:03,763] (%D:22) - Maximum 25 Characters Allowed.
 INFO [2024-05-23 12:09:03,787] (%D:22) - Maximum 50 Characters Allowed.
 INFO [2024-05-23 12:09:03,802] (%D:22) - Maximum 25 Characters Allowed.
 INFO [2024-05-23 12:09:03,992] (%D:22) - Clicked on cancel button
 INFO [2024-05-23 12:09:04,161] (%D:22) - Clicked on Add new Equipment Module
 INFO [2024-05-23 12:09:04,454] (%D:22) - Text Entered into EquipmentDescription
 INFO [2024-05-23 12:09:04,676] (%D:22) - Clicked on equipment description
 INFO [2024-05-23 12:09:04,857] (%D:22) - Text Entered into EquipmentDescription
 INFO [2024-05-23 12:09:04,996] (%D:22) - Clicked on client name selected
 INFO [2024-05-23 12:09:05,039] (%D:30) - Unable to click on element John Fred
 INFO [2024-05-23 12:09:05,245] (%D:17) - $$$$$$$$$$$$$$$$$$$$$$$$$$$$$$$$---END---$$$$$$$$$$$$$$$$$$$$$$$$$$$$$$$$$$$$$$$$$$$$$$
 INFO [2024-05-23 12:09:05,247] (%D:18) -     
 INFO [2024-05-23 12:09:05,285] (%D:10) - **********************************************************************************************
 INFO [2024-05-23 12:09:05,285] (%D:11) - $$$$$$$$$$$$$$$$$$$$$$$$$$$$$$$$Verify the manage equipment functionality      $$$$$$$$$$$$$$$$$$$$$$$$$$$$$$$$$$$$$$$$$$$$$$
 INFO [2024-05-23 12:09:05,285] (%D:12) - ***********************************************************************************************
 INFO [2024-05-23 12:09:25,156] (%D:22) - Clicked on clicked
 INFO [2024-05-23 12:09:25,314] (%D:22) - Text Entered into Enter Email id
 INFO [2024-05-23 12:09:45,474] (%D:22) - Clicked on clicked
 INFO [2024-05-23 12:09:45,612] (%D:22) - Text Entered into Enter password
 INFO [2024-05-23 12:10:05,814] (%D:22) - Clicked on Login
 INFO [2024-05-23 12:10:26,145] (%D:22) - Clicked on Equipment Module
 INFO [2024-05-23 12:10:26,961] (%D:22) - Clicked on manage equipment
 INFO [2024-05-23 12:10:32,287] (%D:22) - Clicked on equipment description
 INFO [2024-05-23 12:10:32,441] (%D:22) - Text Entered into EquipmentDescription
 INFO [2024-05-23 12:10:37,634] (%D:22) - Clicked on client name selected
 INFO [2024-05-23 12:10:38,785] (%D:30) - Unable to click on element Roses
 INFO [2024-05-23 12:10:39,004] (%D:17) - $$$$$$$$$$$$$$$$$$$$$$$$$$$$$$$$---END---$$$$$$$$$$$$$$$$$$$$$$$$$$$$$$$$$$$$$$$$$$$$$$
 INFO [2024-05-23 12:10:39,004] (%D:18) -     
 INFO [2024-05-23 12:10:39,032] (%D:10) - **********************************************************************************************
 INFO [2024-05-23 12:10:39,033] (%D:11) - $$$$$$$$$$$$$$$$$$$$$$$$$$$$$$$$Verify the equipment bulk functionality      $$$$$$$$$$$$$$$$$$$$$$$$$$$$$$$$$$$$$$$$$$$$$$
 INFO [2024-05-23 12:10:39,033] (%D:12) - ***********************************************************************************************
 INFO [2024-05-23 12:11:18,198] (%D:10) - **********************************************************************************************
 INFO [2024-05-23 12:11:18,203] (%D:11) - $$$$$$$$$$$$$$$$$$$$$$$$$$$$$$$$Verify add new equipemt functionality      $$$$$$$$$$$$$$$$$$$$$$$$$$$$$$$$$$$$$$$$$$$$$$
 INFO [2024-05-23 12:11:18,203] (%D:12) - ***********************************************************************************************
 INFO [2024-05-23 12:11:39,956] (%D:22) - Clicked on clicked
 INFO [2024-05-23 12:11:40,116] (%D:22) - Text Entered into Enter Email id
 INFO [2024-05-23 12:12:00,328] (%D:22) - Clicked on clicked
 INFO [2024-05-23 12:12:00,475] (%D:22) - Text Entered into Enter password
 INFO [2024-05-23 12:12:20,665] (%D:22) - Clicked on Login
 INFO [2024-05-23 12:12:41,032] (%D:22) - Clicked on Equipment Module
 INFO [2024-05-23 12:12:41,395] (%D:22) - Clicked on Equipment Module
 INFO [2024-05-23 12:12:41,629] (%D:22) - Clicked on Add new Equipment Module
 INFO [2024-05-23 12:12:41,631] (%D:22) - Generated Alphanumeric values
 INFO [2024-05-23 12:12:41,806] (%D:22) - Clicked on Equipment name
 INFO [2024-05-23 12:12:41,976] (%D:22) - Text Entered into equipment name
 INFO [2024-05-23 12:12:41,976] (%D:22) - Generated Alphanumeric values
 INFO [2024-05-23 12:12:42,136] (%D:22) - Clicked on equipment license number
 INFO [2024-05-23 12:12:42,310] (%D:22) - Text Entered into Equipemnt
 INFO [2024-05-23 12:12:42,310] (%D:22) - Generated Alphanumeric values
 INFO [2024-05-23 12:12:42,441] (%D:22) - Clicked on equipment serial number
 INFO [2024-05-23 12:12:42,603] (%D:22) - Text Entered into serial number
 INFO [2024-05-23 12:12:44,783] (%D:22) - Clicked on saveAndContinueButton
 INFO [2024-05-23 12:12:46,840] (%D:22) - Give Correct Name
 INFO [2024-05-23 12:12:46,868] (%D:22) - No special Characters Allowed.
 INFO [2024-05-23 12:12:46,889] (%D:22) - No special Characters Allowed.
 INFO [2024-05-23 12:12:47,030] (%D:22) - Clicked on clear button
 INFO [2024-05-23 12:12:49,043] (%D:22) - Generated Alphanumeric values
 INFO [2024-05-23 12:12:49,297] (%D:22) - Clicked on Equipment Description
 INFO [2024-05-23 12:12:50,045] (%D:22) - Text Entered into equipment description
 INFO [2024-05-23 12:12:50,045] (%D:22) - Generated Alphanumeric values
 INFO [2024-05-23 12:12:50,162] (%D:22) - Clicked on Equipment name
 INFO [2024-05-23 12:12:50,347] (%D:22) - Text Entered into equipment name
 INFO [2024-05-23 12:12:50,622] (%D:22) - Text got from Descroption error message
 INFO [2024-05-23 12:12:50,622] (%D:22) - Generated Alphanumeric values
 INFO [2024-05-23 12:12:50,745] (%D:22) - Clicked on equipment license number
 INFO [2024-05-23 12:12:50,990] (%D:22) - Text Entered into Equipemnt
 INFO [2024-05-23 12:12:50,990] (%D:22) - Generated Alphanumeric values
 INFO [2024-05-23 12:12:51,104] (%D:22) - Clicked on equipment serial number
 INFO [2024-05-23 12:12:51,298] (%D:22) - Text Entered into serial number
 INFO [2024-05-23 12:12:53,546] (%D:22) - Clicked on saveAndContinueButton
 INFO [2024-05-23 12:12:55,605] (%D:22) - Maximum 250 Characters Allowed.
 INFO [2024-05-23 12:12:55,632] (%D:22) - Maximum 25 Characters Allowed.
 INFO [2024-05-23 12:12:55,657] (%D:22) - Maximum 50 Characters Allowed.
 INFO [2024-05-23 12:12:55,675] (%D:22) - Maximum 25 Characters Allowed.
 INFO [2024-05-23 12:12:55,867] (%D:22) - Clicked on cancel button
 INFO [2024-05-23 12:12:56,057] (%D:22) - Clicked on Add new Equipment Module
 INFO [2024-05-23 12:12:56,412] (%D:22) - Text Entered into EquipmentDescription
 INFO [2024-05-23 12:12:56,638] (%D:22) - Clicked on equipment description
 INFO [2024-05-23 12:12:56,803] (%D:22) - Text Entered into EquipmentDescription
 INFO [2024-05-23 12:12:56,919] (%D:22) - Clicked on client name selected
 INFO [2024-05-23 12:12:56,973] (%D:30) - Unable to click on element John Fred
 INFO [2024-05-23 12:12:57,178] (%D:17) - $$$$$$$$$$$$$$$$$$$$$$$$$$$$$$$$---END---$$$$$$$$$$$$$$$$$$$$$$$$$$$$$$$$$$$$$$$$$$$$$$
 INFO [2024-05-23 12:12:57,179] (%D:18) -     
 INFO [2024-05-23 12:12:57,221] (%D:10) - **********************************************************************************************
 INFO [2024-05-23 12:12:57,221] (%D:11) - $$$$$$$$$$$$$$$$$$$$$$$$$$$$$$$$Verify the manage equipment functionality      $$$$$$$$$$$$$$$$$$$$$$$$$$$$$$$$$$$$$$$$$$$$$$
 INFO [2024-05-23 12:12:57,222] (%D:12) - ***********************************************************************************************
 INFO [2024-05-23 12:13:18,147] (%D:22) - Clicked on clicked
 INFO [2024-05-23 12:13:18,312] (%D:22) - Text Entered into Enter Email id
 INFO [2024-05-23 12:14:27,718] (%D:10) - **********************************************************************************************
 INFO [2024-05-23 12:14:27,722] (%D:11) - $$$$$$$$$$$$$$$$$$$$$$$$$$$$$$$$Verify add new equipemt functionality      $$$$$$$$$$$$$$$$$$$$$$$$$$$$$$$$$$$$$$$$$$$$$$
 INFO [2024-05-23 12:14:27,723] (%D:12) - ***********************************************************************************************
 INFO [2024-05-23 12:14:49,538] (%D:22) - Clicked on clicked
 INFO [2024-05-23 12:14:49,699] (%D:22) - Text Entered into Enter Email id
 INFO [2024-05-23 12:15:09,918] (%D:22) - Clicked on clicked
 INFO [2024-05-23 12:15:10,040] (%D:22) - Text Entered into Enter password
 INFO [2024-05-23 12:15:30,277] (%D:22) - Clicked on Login
 INFO [2024-05-23 12:15:50,688] (%D:22) - Clicked on Equipment Module
 INFO [2024-05-23 12:15:51,107] (%D:22) - Clicked on Equipment Module
 INFO [2024-05-23 12:15:51,343] (%D:22) - Clicked on Add new Equipment Module
 INFO [2024-05-23 12:15:51,346] (%D:22) - Generated Alphanumeric values
 INFO [2024-05-23 12:15:51,559] (%D:22) - Clicked on Equipment name
 INFO [2024-05-23 12:15:51,795] (%D:22) - Text Entered into equipment name
 INFO [2024-05-23 12:15:51,797] (%D:22) - Generated Alphanumeric values
 INFO [2024-05-23 12:15:51,937] (%D:22) - Clicked on equipment license number
 INFO [2024-05-23 12:15:52,153] (%D:22) - Text Entered into Equipemnt
 INFO [2024-05-23 12:15:52,154] (%D:22) - Generated Alphanumeric values
 INFO [2024-05-23 12:15:52,270] (%D:22) - Clicked on equipment serial number
 INFO [2024-05-23 12:15:52,482] (%D:22) - Text Entered into serial number
 INFO [2024-05-23 12:15:54,716] (%D:22) - Clicked on saveAndContinueButton
 INFO [2024-05-23 12:15:56,785] (%D:22) - Give Correct Name
 INFO [2024-05-23 12:15:56,808] (%D:22) - No special Characters Allowed.
 INFO [2024-05-23 12:15:56,823] (%D:22) - No special Characters Allowed.
 INFO [2024-05-23 12:15:56,949] (%D:22) - Clicked on clear button
 INFO [2024-05-23 12:15:58,965] (%D:22) - Generated Alphanumeric values
 INFO [2024-05-23 12:15:59,150] (%D:22) - Clicked on Equipment Description
 INFO [2024-05-23 12:15:59,881] (%D:22) - Text Entered into equipment description
 INFO [2024-05-23 12:15:59,881] (%D:22) - Generated Alphanumeric values
 INFO [2024-05-23 12:16:00,008] (%D:22) - Clicked on Equipment name
 INFO [2024-05-23 12:16:00,227] (%D:22) - Text Entered into equipment name
 INFO [2024-05-23 12:16:00,512] (%D:22) - Text got from Descroption error message
 INFO [2024-05-23 12:16:00,512] (%D:22) - Generated Alphanumeric values
 INFO [2024-05-23 12:16:00,636] (%D:22) - Clicked on equipment license number
 INFO [2024-05-23 12:16:00,954] (%D:22) - Text Entered into Equipemnt
 INFO [2024-05-23 12:16:00,954] (%D:22) - Generated Alphanumeric values
 INFO [2024-05-23 12:16:01,077] (%D:22) - Clicked on equipment serial number
 INFO [2024-05-23 12:16:01,318] (%D:22) - Text Entered into serial number
 INFO [2024-05-23 12:16:03,493] (%D:22) - Clicked on saveAndContinueButton
 INFO [2024-05-23 12:16:05,572] (%D:22) - Maximum 250 Characters Allowed.
 INFO [2024-05-23 12:16:05,588] (%D:22) - Maximum 25 Characters Allowed.
 INFO [2024-05-23 12:16:05,603] (%D:22) - Maximum 50 Characters Allowed.
 INFO [2024-05-23 12:16:05,618] (%D:22) - Maximum 25 Characters Allowed.
 INFO [2024-05-23 12:16:05,809] (%D:22) - Clicked on cancel button
 INFO [2024-05-23 12:16:06,035] (%D:22) - Clicked on Add new Equipment Module
 INFO [2024-05-23 12:16:06,396] (%D:22) - Text Entered into EquipmentDescription
 INFO [2024-05-23 12:16:06,781] (%D:22) - Clicked on equipment description
 INFO [2024-05-23 12:16:07,051] (%D:22) - Text Entered into EquipmentDescription
 INFO [2024-05-23 12:16:07,196] (%D:22) - Clicked on client name selected
 INFO [2024-05-23 12:16:09,291] (%D:30) - Unable to click on element John Fred
 INFO [2024-05-23 12:16:09,473] (%D:17) - $$$$$$$$$$$$$$$$$$$$$$$$$$$$$$$$---END---$$$$$$$$$$$$$$$$$$$$$$$$$$$$$$$$$$$$$$$$$$$$$$
 INFO [2024-05-23 12:16:09,474] (%D:18) -     
 INFO [2024-05-23 12:16:09,525] (%D:10) - **********************************************************************************************
 INFO [2024-05-23 12:16:09,525] (%D:11) - $$$$$$$$$$$$$$$$$$$$$$$$$$$$$$$$Verify the manage equipment functionality      $$$$$$$$$$$$$$$$$$$$$$$$$$$$$$$$$$$$$$$$$$$$$$
 INFO [2024-05-23 12:16:09,525] (%D:12) - ***********************************************************************************************
 INFO [2024-05-23 12:16:30,778] (%D:22) - Clicked on clicked
 INFO [2024-05-23 12:16:30,928] (%D:22) - Text Entered into Enter Email id
 INFO [2024-05-23 12:16:51,122] (%D:22) - Clicked on clicked
 INFO [2024-05-23 12:16:51,236] (%D:22) - Text Entered into Enter password
 INFO [2024-05-23 12:17:11,430] (%D:22) - Clicked on Login
 INFO [2024-05-23 12:17:31,741] (%D:22) - Clicked on Equipment Module
 INFO [2024-05-23 12:17:32,551] (%D:22) - Clicked on manage equipment
 INFO [2024-05-23 12:17:37,925] (%D:22) - Clicked on equipment description
 INFO [2024-05-23 12:17:38,060] (%D:22) - Text Entered into EquipmentDescription
 INFO [2024-05-23 12:17:43,267] (%D:22) - Clicked on client name selected
 INFO [2024-05-23 12:17:44,421] (%D:30) - Unable to click on element Roses
 INFO [2024-05-23 12:17:44,609] (%D:17) - $$$$$$$$$$$$$$$$$$$$$$$$$$$$$$$$---END---$$$$$$$$$$$$$$$$$$$$$$$$$$$$$$$$$$$$$$$$$$$$$$
 INFO [2024-05-23 12:17:44,609] (%D:18) -     
 INFO [2024-05-23 12:17:44,654] (%D:10) - **********************************************************************************************
 INFO [2024-05-23 12:17:44,654] (%D:11) - $$$$$$$$$$$$$$$$$$$$$$$$$$$$$$$$Verify the equipment bulk functionality      $$$$$$$$$$$$$$$$$$$$$$$$$$$$$$$$$$$$$$$$$$$$$$
 INFO [2024-05-23 12:17:44,655] (%D:12) - ***********************************************************************************************
 INFO [2024-05-23 12:18:04,871] (%D:22) - Clicked on clicked
 INFO [2024-05-23 12:18:05,008] (%D:22) - Text Entered into Enter Email id
 INFO [2024-05-23 12:18:53,925] (%D:10) - **********************************************************************************************
 INFO [2024-05-23 12:18:53,928] (%D:11) - $$$$$$$$$$$$$$$$$$$$$$$$$$$$$$$$Verify add new equipemt functionality      $$$$$$$$$$$$$$$$$$$$$$$$$$$$$$$$$$$$$$$$$$$$$$
 INFO [2024-05-23 12:18:53,929] (%D:12) - ***********************************************************************************************
 INFO [2024-05-23 12:19:17,606] (%D:22) - Clicked on clicked
 INFO [2024-05-23 12:19:17,779] (%D:22) - Text Entered into Enter Email id
 INFO [2024-05-23 12:19:37,961] (%D:22) - Clicked on clicked
 INFO [2024-05-23 12:19:38,101] (%D:22) - Text Entered into Enter password
 INFO [2024-05-23 12:19:58,301] (%D:22) - Clicked on Login
 INFO [2024-05-23 12:20:18,630] (%D:22) - Clicked on Equipment Module
 INFO [2024-05-23 12:20:18,896] (%D:22) - Clicked on Equipment Module
 INFO [2024-05-23 12:20:19,163] (%D:22) - Clicked on Add new Equipment Module
 INFO [2024-05-23 12:20:19,164] (%D:22) - Generated Alphanumeric values
 INFO [2024-05-23 12:20:19,319] (%D:22) - Clicked on Equipment name
 INFO [2024-05-23 12:20:19,482] (%D:22) - Text Entered into equipment name
 INFO [2024-05-23 12:20:19,482] (%D:22) - Generated Alphanumeric values
 INFO [2024-05-23 12:20:19,641] (%D:22) - Clicked on equipment license number
 INFO [2024-05-23 12:20:19,813] (%D:22) - Text Entered into Equipemnt
 INFO [2024-05-23 12:20:19,813] (%D:22) - Generated Alphanumeric values
 INFO [2024-05-23 12:20:19,949] (%D:22) - Clicked on equipment serial number
 INFO [2024-05-23 12:20:20,098] (%D:22) - Text Entered into serial number
 INFO [2024-05-23 12:20:22,305] (%D:22) - Clicked on saveAndContinueButton
 INFO [2024-05-23 12:20:24,362] (%D:22) - Give Correct Name
 INFO [2024-05-23 12:20:24,384] (%D:22) - No special Characters Allowed.
 INFO [2024-05-23 12:20:24,400] (%D:22) - No special Characters Allowed.
 INFO [2024-05-23 12:20:24,539] (%D:22) - Clicked on clear button
 INFO [2024-05-23 12:20:26,550] (%D:17) - $$$$$$$$$$$$$$$$$$$$$$$$$$$$$$$$---END---$$$$$$$$$$$$$$$$$$$$$$$$$$$$$$$$$$$$$$$$$$$$$$
 INFO [2024-05-23 12:20:26,550] (%D:18) -     
 INFO [2024-05-24 13:47:28,832] (%D:10) - **********************************************************************************************
 INFO [2024-05-24 13:47:28,835] (%D:11) - $$$$$$$$$$$$$$$$$$$$$$$$$$$$$$$$Verify add new Clients functionality with in valid data and valid data      $$$$$$$$$$$$$$$$$$$$$$$$$$$$$$$$$$$$$$$$$$$$$$
 INFO [2024-05-24 13:47:28,835] (%D:12) - ***********************************************************************************************
 INFO [2024-05-24 13:47:51,744] (%D:22) - Clicked on clicked
 INFO [2024-05-24 13:47:51,917] (%D:22) - Text Entered into Enter Email id
 INFO [2024-05-24 13:48:12,070] (%D:22) - Clicked on clicked
 INFO [2024-05-24 13:48:12,219] (%D:22) - Text Entered into Enter password
 INFO [2024-05-24 13:48:32,381] (%D:22) - Clicked on Login
 INFO [2024-05-24 13:48:52,709] (%D:22) - Clicked on click on client module
 INFO [2024-05-24 13:48:53,163] (%D:22) - Clicked on click on add new client
 INFO [2024-05-24 13:48:53,168] (%D:22) - Generated Alphanumeric values
 INFO [2024-05-24 13:48:53,350] (%D:22) - Clicked on Mobile Number
 INFO [2024-05-24 13:48:53,544] (%D:22) - Text Entered into Mobile Number
 INFO [2024-05-24 13:48:53,545] (%D:22) - Generated Alphanumeric values
 INFO [2024-05-24 13:48:53,687] (%D:22) - Clicked on client name
 INFO [2024-05-24 13:48:53,851] (%D:22) - Text Entered into Email Adress
 INFO [2024-05-24 13:48:54,116] (%D:22) - Clicked on client name
 INFO [2024-05-24 13:48:54,262] (%D:22) - Text Entered into Fax Number
 INFO [2024-05-24 13:48:54,262] (%D:22) - Generated Alphanumeric values
 INFO [2024-05-24 13:48:54,418] (%D:22) - Clicked on client name
 INFO [2024-05-24 13:48:54,606] (%D:22) - Text Entered into Vat Number
 INFO [2024-05-24 13:48:54,606] (%D:22) - Generated Alphanumeric values
 INFO [2024-05-24 13:48:54,790] (%D:22) - Clicked on client name
 INFO [2024-05-24 13:48:54,998] (%D:22) - Text Entered into Account manager
 INFO [2024-05-24 13:49:00,009] (%D:22) - Generated Alphanumeric values
 INFO [2024-05-24 13:49:00,180] (%D:22) - Clicked on postalCode
 INFO [2024-05-24 13:49:00,352] (%D:22) - Text Entered into postalCode
 INFO [2024-05-24 13:49:00,486] (%D:22) - Clicked on save and continue
 INFO [2024-05-24 13:49:00,520] (%D:22) - give correct mobile number
 INFO [2024-05-24 13:49:00,539] (%D:22) - give correct email address
 INFO [2024-05-24 13:49:00,558] (%D:22) - give correct fax number
 INFO [2024-05-24 13:49:00,579] (%D:22) - give correct vat number
 INFO [2024-05-24 13:49:00,597] (%D:22) - give correct account manager
 INFO [2024-05-24 13:49:00,613] (%D:22) - give correct postal code
 INFO [2024-05-24 13:49:04,659] (%D:22) - Generated Alphanumeric values
 INFO [2024-05-24 13:49:04,806] (%D:22) - Clicked on client name
 INFO [2024-05-24 13:49:05,033] (%D:22) - Text Entered into Client Name
 INFO [2024-05-24 13:49:05,033] (%D:22) - Generated Alphanumeric values
 INFO [2024-05-24 13:49:05,179] (%D:22) - Clicked on street
 INFO [2024-05-24 13:49:05,712] (%D:22) - Text Entered into Street
 INFO [2024-05-24 13:49:05,712] (%D:22) - Generated Alphanumeric values
 INFO [2024-05-24 13:49:05,873] (%D:22) - Clicked on street
 INFO [2024-05-24 13:49:06,345] (%D:22) - Text Entered into Street
 INFO [2024-05-24 13:49:06,345] (%D:22) - Generated Alphanumeric values
 INFO [2024-05-24 13:49:06,501] (%D:22) - Clicked on street
 INFO [2024-05-24 13:49:07,230] (%D:22) - Text Entered into Street
 INFO [2024-05-24 13:49:07,346] (%D:22) - Clicked on save and continue
 INFO [2024-05-24 13:49:07,369] (%D:22) - Maximum 25 Characters Allowed.
 INFO [2024-05-24 13:49:07,387] (%D:22) - Max length is 100 characters
 INFO [2024-05-24 13:49:07,407] (%D:22) - Max length is 100 characters
 INFO [2024-05-24 13:49:07,424] (%D:22) - Max length is 250 characters
 INFO [2024-05-24 13:49:07,650] (%D:22) - Clicked on click on client module
 INFO [2024-05-24 13:49:07,861] (%D:22) - Clicked on click on add new client
 INFO [2024-05-24 13:49:08,143] (%D:22) - Clicked on client name
 INFO [2024-05-24 13:49:08,318] (%D:22) - Text Entered into Client Name
 INFO [2024-05-24 13:49:08,545] (%D:22) - Clicked on Mobile Number
 INFO [2024-05-24 13:49:08,728] (%D:22) - Text Entered into Mobile Number
 INFO [2024-05-24 13:49:08,923] (%D:22) - Clicked on client name
 INFO [2024-05-24 13:49:09,112] (%D:22) - Text Entered into Email Adress
 INFO [2024-05-24 13:49:09,331] (%D:22) - Clicked on client name
 INFO [2024-05-24 13:49:09,498] (%D:22) - Text Entered into Fax Number
 INFO [2024-05-24 13:49:09,706] (%D:22) - Clicked on client name
 INFO [2024-05-24 13:49:09,898] (%D:22) - Text Entered into Vat Number
 INFO [2024-05-24 13:49:10,136] (%D:22) - Clicked on client name
 INFO [2024-05-24 13:49:10,266] (%D:22) - Text Entered into Account Manager
 INFO [2024-05-24 13:49:10,484] (%D:22) - Clicked on Street
 INFO [2024-05-24 13:49:10,794] (%D:22) - Text Entered into Street
 INFO [2024-05-24 13:49:10,995] (%D:22) - Clicked on client name
 INFO [2024-05-24 13:49:11,147] (%D:22) - Text Entered into Street1
 INFO [2024-05-24 13:49:13,531] (%D:22) - Clicked on Johannesburg
 INFO [2024-05-24 13:49:13,622] (%D:22) - Text got from Province selected
 INFO [2024-05-24 13:49:13,751] (%D:22) - Clicked on country selected
 INFO [2024-05-24 13:49:13,852] (%D:22) - Clicked on South Africa
 INFO [2024-05-24 13:49:14,083] (%D:22) - Clicked on postal code
 INFO [2024-05-24 13:49:14,210] (%D:22) - Text Entered into PostalCode
 INFO [2024-05-24 13:49:14,395] (%D:22) - Clicked on comments
 INFO [2024-05-24 13:49:14,537] (%D:22) - Text Entered into PostalCode
 INFO [2024-05-24 13:49:14,662] (%D:22) - Clicked on  save and continue
 INFO [2024-05-24 13:49:19,893] (%D:22) - Text Entered into mobile number in filters
 INFO [2024-05-24 13:49:24,923] (%D:22) - client is created
 INFO [2024-05-24 13:49:24,926] (%D:17) - $$$$$$$$$$$$$$$$$$$$$$$$$$$$$$$$---END---$$$$$$$$$$$$$$$$$$$$$$$$$$$$$$$$$$$$$$$$$$$$$$
 INFO [2024-05-24 13:49:24,926] (%D:18) -     
 INFO [2024-05-24 13:49:24,957] (%D:10) - **********************************************************************************************
 INFO [2024-05-24 13:49:24,957] (%D:11) - $$$$$$$$$$$$$$$$$$$$$$$$$$$$$$$$Verify update client info in manage client functionality with update and deactivate      $$$$$$$$$$$$$$$$$$$$$$$$$$$$$$$$$$$$$$$$$$$$$$
 INFO [2024-05-24 13:49:24,958] (%D:12) - ***********************************************************************************************
 INFO [2024-05-24 13:49:44,715] (%D:22) - Clicked on clicked
 INFO [2024-05-24 13:49:44,877] (%D:22) - Text Entered into Enter Email id
 INFO [2024-05-24 13:50:05,037] (%D:22) - Clicked on clicked
 INFO [2024-05-24 13:50:05,175] (%D:22) - Text Entered into Enter password
 INFO [2024-05-24 13:50:25,366] (%D:22) - Clicked on Login
 INFO [2024-05-24 13:50:45,813] (%D:22) - Clicked on click on client module
 INFO [2024-05-24 13:50:46,660] (%D:22) - Clicked on manage client
 INFO [2024-05-24 13:50:46,957] (%D:22) - Clicked on edit button
 INFO [2024-05-24 13:50:47,273] (%D:22) - Clicked on client name
 INFO [2024-05-24 13:50:47,571] (%D:22) - Text Entered into Client Name
 INFO [2024-05-24 13:50:48,098] (%D:22) - Clicked on Street
 INFO [2024-05-24 13:50:48,598] (%D:22) - Text Entered into Street
 INFO [2024-05-24 13:50:48,835] (%D:22) - Clicked on client name
 INFO [2024-05-24 13:50:49,119] (%D:22) - Text Entered into Street1
 INFO [2024-05-24 13:50:49,403] (%D:22) - Clicked on update button
 INFO [2024-05-24 13:50:54,611] (%D:22) - Text Entered into mobile number in filters
 INFO [2024-05-24 13:50:59,633] (%D:22) - client is created
 INFO [2024-05-24 13:50:59,788] (%D:22) - Clicked on manage client
 INFO [2024-05-24 13:51:00,121] (%D:22) - Clicked on edit button
 INFO [2024-05-24 13:51:00,326] (%D:22) - Clicked on client name
 INFO [2024-05-24 13:51:00,470] (%D:22) - Text Entered into Client Name
 INFO [2024-05-24 13:51:00,705] (%D:22) - Clicked on Street
 INFO [2024-05-24 13:51:00,968] (%D:22) - Text Entered into Street
 INFO [2024-05-24 13:51:01,143] (%D:22) - Clicked on client name
 INFO [2024-05-24 13:51:01,304] (%D:22) - Text Entered into Street1
 INFO [2024-05-24 13:51:04,595] (%D:22) - Clicked on deactivate button
 INFO [2024-05-24 13:51:12,240] (%D:22) - Clicked on inactive clients
 INFO [2024-05-24 13:51:22,450] (%D:22) - Text Entered into mobile number in filters
 INFO [2024-05-24 13:51:27,473] (%D:22) - client is created
 INFO [2024-05-24 13:51:27,474] (%D:17) - $$$$$$$$$$$$$$$$$$$$$$$$$$$$$$$$---END---$$$$$$$$$$$$$$$$$$$$$$$$$$$$$$$$$$$$$$$$$$$$$$
 INFO [2024-05-24 13:51:27,474] (%D:18) -     
 INFO [2024-05-24 13:51:27,493] (%D:10) - **********************************************************************************************
 INFO [2024-05-24 13:51:27,493] (%D:11) - $$$$$$$$$$$$$$$$$$$$$$$$$$$$$$$$Verify the Bulk Upload functionality      $$$$$$$$$$$$$$$$$$$$$$$$$$$$$$$$$$$$$$$$$$$$$$
 INFO [2024-05-24 13:51:27,493] (%D:12) - ***********************************************************************************************
 INFO [2024-05-24 13:51:47,371] (%D:22) - Clicked on clicked
 INFO [2024-05-24 13:51:47,538] (%D:22) - Text Entered into Enter Email id
 INFO [2024-05-24 13:52:07,686] (%D:22) - Clicked on clicked
 INFO [2024-05-24 13:52:07,814] (%D:22) - Text Entered into Enter password
 INFO [2024-05-24 13:52:27,979] (%D:22) - Clicked on Login
 INFO [2024-05-24 13:52:48,271] (%D:22) - Clicked on click on client module
 INFO [2024-05-24 13:52:48,734] (%D:22) - Clicked on bulk upload button
 INFO [2024-05-24 13:52:56,813] (%D:22) - File is uploaded Sucessfully
 INFO [2024-05-24 13:52:56,989] (%D:22) - Clicked on submit button
 INFO [2024-05-24 13:53:05,148] (%D:22) - Clicked on bulk upload button
 INFO [2024-05-24 13:53:05,394] (%D:22) - Clicked on submit button
 INFO [2024-05-24 13:53:13,547] (%D:22) - Clicked on cancel button
 INFO [2024-05-24 13:53:13,743] (%D:22) - Clicked on bulk upload button
 INFO [2024-05-24 13:53:13,957] (%D:22) - Clicked on submit button
 INFO [2024-05-24 13:53:15,965] (%D:17) - $$$$$$$$$$$$$$$$$$$$$$$$$$$$$$$$---END---$$$$$$$$$$$$$$$$$$$$$$$$$$$$$$$$$$$$$$$$$$$$$$
 INFO [2024-05-24 13:53:15,965] (%D:18) -     
 INFO [2024-05-28 12:06:50,647] (%D:10) - **********************************************************************************************
 INFO [2024-05-28 12:06:50,651] (%D:11) - $$$$$$$$$$$$$$$$$$$$$$$$$$$$$$$$Verify the manage equipment functionality      $$$$$$$$$$$$$$$$$$$$$$$$$$$$$$$$$$$$$$$$$$$$$$
 INFO [2024-05-28 12:06:50,652] (%D:12) - ***********************************************************************************************
 INFO [2024-05-28 12:07:12,986] (%D:22) - Clicked on clicked
 INFO [2024-05-28 12:07:13,172] (%D:22) - Text Entered into Enter Email id
 INFO [2024-05-28 12:07:33,371] (%D:22) - Clicked on clicked
 INFO [2024-05-28 12:07:33,513] (%D:22) - Text Entered into Enter password
 INFO [2024-05-28 12:07:53,701] (%D:22) - Clicked on Login
 INFO [2024-05-28 12:08:14,035] (%D:22) - Clicked on Equipment Module
 INFO [2024-05-28 12:08:34,370] (%D:30) - Element not available
 INFO [2024-05-28 12:08:34,680] (%D:17) - $$$$$$$$$$$$$$$$$$$$$$$$$$$$$$$$---END---$$$$$$$$$$$$$$$$$$$$$$$$$$$$$$$$$$$$$$$$$$$$$$
 INFO [2024-05-28 12:08:34,681] (%D:18) -     
 INFO [2024-05-28 12:11:18,301] (%D:10) - **********************************************************************************************
 INFO [2024-05-28 12:11:18,307] (%D:11) - $$$$$$$$$$$$$$$$$$$$$$$$$$$$$$$$Verify the manage equipment functionality      $$$$$$$$$$$$$$$$$$$$$$$$$$$$$$$$$$$$$$$$$$$$$$
 INFO [2024-05-28 12:11:18,307] (%D:12) - ***********************************************************************************************
 INFO [2024-05-28 12:11:40,768] (%D:22) - Clicked on clicked
 INFO [2024-05-28 12:11:40,946] (%D:22) - Text Entered into Enter Email id
 INFO [2024-05-28 12:12:01,137] (%D:22) - Clicked on clicked
 INFO [2024-05-28 12:12:01,280] (%D:22) - Text Entered into Enter password
 INFO [2024-05-28 12:12:21,479] (%D:22) - Clicked on Login
 INFO [2024-05-28 12:12:41,824] (%D:22) - Clicked on Equipment Module
 INFO [2024-05-28 12:12:42,649] (%D:22) - Clicked on manage equipment
 INFO [2024-05-28 12:12:48,012] (%D:22) - Clicked on equipment description
 INFO [2024-05-28 12:12:48,149] (%D:22) - Text Entered into EquipmentDescription
 INFO [2024-05-28 12:12:53,359] (%D:22) - Clicked on update Button
 INFO [2024-05-28 12:12:58,604] (%D:22) - Clicked on filter
 INFO [2024-05-28 12:13:04,824] (%D:22) - Text Entered into equipment name
 INFO [2024-05-28 12:13:14,878] (%D:22) - New Equipment is updated
 INFO [2024-05-28 12:13:19,120] (%D:22) - Clicked on inactive equipment
 INFO [2024-05-28 12:13:24,371] (%D:22) - Clicked on manage equipment
 INFO [2024-05-28 12:13:29,762] (%D:22) - Clicked on equipment description
 INFO [2024-05-28 12:13:29,951] (%D:22) - Text Entered into EquipmentDescription
 INFO [2024-05-28 12:13:35,104] (%D:22) - Clicked on update Button
 INFO [2024-05-28 12:13:44,291] (%D:22) - Clicked on inactive equipment
 INFO [2024-05-28 12:13:54,591] (%D:22) - Clicked on filter
 INFO [2024-05-28 12:14:04,895] (%D:22) - Text Entered into equipment name
 INFO [2024-05-28 12:14:14,928] (%D:22) - New Equipment is deactivated
 INFO [2024-05-28 12:14:15,106] (%D:22) - Clicked on faulty
 INFO [2024-05-28 12:15:15,622] (%D:30) - Element not available
 INFO [2024-05-28 12:15:15,841] (%D:17) - $$$$$$$$$$$$$$$$$$$$$$$$$$$$$$$$---END---$$$$$$$$$$$$$$$$$$$$$$$$$$$$$$$$$$$$$$$$$$$$$$
 INFO [2024-05-28 12:15:15,841] (%D:18) -     
 INFO [2024-05-28 12:19:52,809] (%D:10) - **********************************************************************************************
 INFO [2024-05-28 12:19:52,814] (%D:11) - $$$$$$$$$$$$$$$$$$$$$$$$$$$$$$$$Verify add new equipemt functionality      $$$$$$$$$$$$$$$$$$$$$$$$$$$$$$$$$$$$$$$$$$$$$$
 INFO [2024-05-28 12:19:52,814] (%D:12) - ***********************************************************************************************
 INFO [2024-05-28 12:20:14,880] (%D:22) - Clicked on clicked
 INFO [2024-05-28 12:20:15,055] (%D:22) - Text Entered into Enter Email id
 INFO [2024-05-28 12:20:35,232] (%D:22) - Clicked on clicked
 INFO [2024-05-28 12:20:35,368] (%D:22) - Text Entered into Enter password
 INFO [2024-05-28 12:20:55,564] (%D:22) - Clicked on Login
 INFO [2024-05-28 12:21:15,905] (%D:22) - Clicked on Equipment Module
 INFO [2024-05-28 12:21:16,173] (%D:22) - Clicked on Equipment Module
 INFO [2024-05-28 12:21:16,453] (%D:22) - Clicked on Add new Equipment Module
 INFO [2024-05-28 12:21:16,454] (%D:22) - Generated Alphanumeric values
 INFO [2024-05-28 12:21:16,602] (%D:22) - Clicked on Equipment name
 INFO [2024-05-28 12:21:16,765] (%D:22) - Text Entered into equipment name
 INFO [2024-05-28 12:21:16,765] (%D:22) - Generated Alphanumeric values
 INFO [2024-05-28 12:21:16,912] (%D:22) - Clicked on equipment license number
 INFO [2024-05-28 12:21:17,062] (%D:22) - Text Entered into Equipemnt
 INFO [2024-05-28 12:21:17,062] (%D:22) - Generated Alphanumeric values
 INFO [2024-05-28 12:21:17,185] (%D:22) - Clicked on equipment serial number
 INFO [2024-05-28 12:21:17,329] (%D:22) - Text Entered into serial number
 INFO [2024-05-28 12:21:19,500] (%D:22) - Clicked on saveAndContinueButton
 INFO [2024-05-28 12:21:21,568] (%D:22) - Give Correct Name
 INFO [2024-05-28 12:21:21,590] (%D:22) - No special Characters Allowed.
 INFO [2024-05-28 12:21:21,611] (%D:22) - No special Characters Allowed.
 INFO [2024-05-28 12:21:21,747] (%D:22) - Clicked on clear button
 INFO [2024-05-28 12:21:23,749] (%D:22) - Generated Alphanumeric values
 INFO [2024-05-28 12:21:23,928] (%D:22) - Clicked on Equipment Description
 INFO [2024-05-28 12:21:24,662] (%D:22) - Text Entered into equipment description
 INFO [2024-05-28 12:21:24,662] (%D:22) - Generated Alphanumeric values
 INFO [2024-05-28 12:21:24,777] (%D:22) - Clicked on Equipment name
 INFO [2024-05-28 12:21:24,948] (%D:22) - Text Entered into equipment name
 INFO [2024-05-28 12:21:25,256] (%D:22) - Text got from Descroption error message
 INFO [2024-05-28 12:21:25,256] (%D:22) - Generated Alphanumeric values
 INFO [2024-05-28 12:21:25,382] (%D:22) - Clicked on equipment license number
 INFO [2024-05-28 12:21:25,621] (%D:22) - Text Entered into Equipemnt
 INFO [2024-05-28 12:21:25,621] (%D:22) - Generated Alphanumeric values
 INFO [2024-05-28 12:21:25,733] (%D:22) - Clicked on equipment serial number
 INFO [2024-05-28 12:21:25,923] (%D:22) - Text Entered into serial number
 INFO [2024-05-28 12:21:28,097] (%D:22) - Clicked on saveAndContinueButton
 INFO [2024-05-28 12:21:30,147] (%D:22) - Maximum 250 Characters Allowed.
 INFO [2024-05-28 12:21:30,170] (%D:22) - Maximum 25 Characters Allowed.
 INFO [2024-05-28 12:21:30,191] (%D:22) - Maximum 50 Characters Allowed.
 INFO [2024-05-28 12:21:30,207] (%D:22) - Maximum 25 Characters Allowed.
 INFO [2024-05-28 12:21:30,403] (%D:22) - Clicked on cancel button
 INFO [2024-05-28 12:21:30,565] (%D:22) - Clicked on Add new Equipment Module
 INFO [2024-05-28 12:21:30,835] (%D:22) - Text Entered into EquipmentDescription
 INFO [2024-05-28 12:21:31,045] (%D:22) - Clicked on equipment description
 INFO [2024-05-28 12:21:31,191] (%D:22) - Text Entered into EquipmentDescription
 INFO [2024-05-28 12:21:33,378] (%D:22) - Clicked on client name selected
 INFO [2024-05-28 12:21:35,451] (%D:30) - Unable to click on element John Fred
 INFO [2024-05-28 12:21:35,618] (%D:17) - $$$$$$$$$$$$$$$$$$$$$$$$$$$$$$$$---END---$$$$$$$$$$$$$$$$$$$$$$$$$$$$$$$$$$$$$$$$$$$$$$
 INFO [2024-05-28 12:21:35,618] (%D:18) -     
 INFO [2024-05-28 12:21:35,653] (%D:10) - **********************************************************************************************
 INFO [2024-05-28 12:21:35,653] (%D:11) - $$$$$$$$$$$$$$$$$$$$$$$$$$$$$$$$Verify the manage equipment functionality      $$$$$$$$$$$$$$$$$$$$$$$$$$$$$$$$$$$$$$$$$$$$$$
 INFO [2024-05-28 12:21:35,653] (%D:12) - ***********************************************************************************************
 INFO [2024-05-28 12:21:56,017] (%D:22) - Clicked on clicked
 INFO [2024-05-28 12:21:56,188] (%D:22) - Text Entered into Enter Email id
 INFO [2024-05-28 12:24:07,261] (%D:10) - **********************************************************************************************
 INFO [2024-05-28 12:24:07,266] (%D:11) - $$$$$$$$$$$$$$$$$$$$$$$$$$$$$$$$Verify add new equipemt functionality      $$$$$$$$$$$$$$$$$$$$$$$$$$$$$$$$$$$$$$$$$$$$$$
 INFO [2024-05-28 12:24:07,267] (%D:12) - ***********************************************************************************************
 INFO [2024-05-28 12:24:29,028] (%D:22) - Clicked on clicked
 INFO [2024-05-28 12:24:29,191] (%D:22) - Text Entered into Enter Email id
 INFO [2024-05-28 12:24:49,407] (%D:22) - Clicked on clicked
 INFO [2024-05-28 12:24:49,553] (%D:22) - Text Entered into Enter password
 INFO [2024-05-28 12:25:09,738] (%D:22) - Clicked on Login
 INFO [2024-05-28 12:25:30,121] (%D:22) - Clicked on Equipment Module
 INFO [2024-05-28 12:25:30,378] (%D:22) - Clicked on Equipment Module
 INFO [2024-05-28 12:25:30,668] (%D:22) - Clicked on Add new Equipment Module
 INFO [2024-05-28 12:25:30,669] (%D:22) - Generated Alphanumeric values
 INFO [2024-05-28 12:25:30,820] (%D:22) - Clicked on Equipment name
 INFO [2024-05-28 12:25:30,986] (%D:22) - Text Entered into equipment name
 INFO [2024-05-28 12:25:30,986] (%D:22) - Generated Alphanumeric values
 INFO [2024-05-28 12:25:31,138] (%D:22) - Clicked on equipment license number
 INFO [2024-05-28 12:25:31,280] (%D:22) - Text Entered into Equipemnt
 INFO [2024-05-28 12:25:31,281] (%D:22) - Generated Alphanumeric values
 INFO [2024-05-28 12:25:31,407] (%D:22) - Clicked on equipment serial number
 INFO [2024-05-28 12:25:31,556] (%D:22) - Text Entered into serial number
 INFO [2024-05-28 12:25:33,762] (%D:22) - Clicked on saveAndContinueButton
 INFO [2024-05-28 12:25:35,824] (%D:22) - Give Correct Name
 INFO [2024-05-28 12:25:35,846] (%D:22) - No special Characters Allowed.
 INFO [2024-05-28 12:25:35,866] (%D:22) - No special Characters Allowed.
 INFO [2024-05-28 12:25:36,008] (%D:22) - Clicked on clear button
 INFO [2024-05-28 12:25:38,024] (%D:22) - Generated Alphanumeric values
 INFO [2024-05-28 12:25:38,211] (%D:22) - Clicked on Equipment Description
 INFO [2024-05-28 12:25:38,957] (%D:22) - Text Entered into equipment description
 INFO [2024-05-28 12:25:38,957] (%D:22) - Generated Alphanumeric values
 INFO [2024-05-28 12:25:39,079] (%D:22) - Clicked on Equipment name
 INFO [2024-05-28 12:25:39,251] (%D:22) - Text Entered into equipment name
 INFO [2024-05-28 12:25:39,544] (%D:22) - Text got from Descroption error message
 INFO [2024-05-28 12:25:39,545] (%D:22) - Generated Alphanumeric values
 INFO [2024-05-28 12:25:39,654] (%D:22) - Clicked on equipment license number
 INFO [2024-05-28 12:25:39,877] (%D:22) - Text Entered into Equipemnt
 INFO [2024-05-28 12:25:39,877] (%D:22) - Generated Alphanumeric values
 INFO [2024-05-28 12:25:39,991] (%D:22) - Clicked on equipment serial number
 INFO [2024-05-28 12:25:40,165] (%D:22) - Text Entered into serial number
 INFO [2024-05-28 12:25:42,336] (%D:22) - Clicked on saveAndContinueButton
 INFO [2024-05-28 12:25:44,390] (%D:22) - Maximum 250 Characters Allowed.
 INFO [2024-05-28 12:25:44,414] (%D:22) - Maximum 25 Characters Allowed.
 INFO [2024-05-28 12:25:44,431] (%D:22) - Maximum 50 Characters Allowed.
 INFO [2024-05-28 12:25:44,445] (%D:22) - Maximum 25 Characters Allowed.
 INFO [2024-05-28 12:25:44,658] (%D:22) - Clicked on cancel button
 INFO [2024-05-28 12:25:44,821] (%D:22) - Clicked on Add new Equipment Module
 INFO [2024-05-28 12:25:45,087] (%D:22) - Text Entered into EquipmentDescription
 INFO [2024-05-28 12:25:45,306] (%D:22) - Clicked on equipment description
 INFO [2024-05-28 12:25:45,453] (%D:22) - Text Entered into EquipmentDescription
 INFO [2024-05-28 12:25:47,652] (%D:22) - Clicked on client name selected
 INFO [2024-05-28 12:25:49,735] (%D:30) - Unable to click on element John Fred
 INFO [2024-05-28 12:25:49,902] (%D:17) - $$$$$$$$$$$$$$$$$$$$$$$$$$$$$$$$---END---$$$$$$$$$$$$$$$$$$$$$$$$$$$$$$$$$$$$$$$$$$$$$$
 INFO [2024-05-28 12:25:49,903] (%D:18) -     
 INFO [2024-05-28 12:25:49,938] (%D:10) - **********************************************************************************************
 INFO [2024-05-28 12:25:49,938] (%D:11) - $$$$$$$$$$$$$$$$$$$$$$$$$$$$$$$$Verify the manage equipment functionality      $$$$$$$$$$$$$$$$$$$$$$$$$$$$$$$$$$$$$$$$$$$$$$
 INFO [2024-05-28 12:25:49,938] (%D:12) - ***********************************************************************************************
 INFO [2024-05-28 12:26:21,195] (%D:22) - Clicked on clicked
 INFO [2024-05-28 12:26:21,408] (%D:22) - Text Entered into Enter Email id
 INFO [2024-05-28 12:26:41,552] (%D:22) - Clicked on clicked
 INFO [2024-05-28 12:26:41,687] (%D:22) - Text Entered into Enter password
 INFO [2024-05-28 12:27:01,865] (%D:22) - Clicked on Login
 INFO [2024-05-28 12:27:22,236] (%D:22) - Clicked on Equipment Module
 INFO [2024-05-28 12:27:23,011] (%D:22) - Clicked on manage equipment
 INFO [2024-05-28 12:27:28,340] (%D:22) - Clicked on equipment description
 INFO [2024-05-28 12:27:28,466] (%D:22) - Text Entered into EquipmentDescription
 INFO [2024-05-28 12:27:33,661] (%D:22) - Clicked on update Button
 INFO [2024-05-28 12:27:38,867] (%D:22) - Clicked on filter
 INFO [2024-05-28 12:27:45,075] (%D:22) - Text Entered into equipment name
 INFO [2024-05-28 12:27:55,121] (%D:22) - New Equipment is updated
 INFO [2024-05-28 12:27:59,287] (%D:22) - Clicked on inactive equipment
 INFO [2024-05-28 12:28:04,513] (%D:22) - Clicked on manage equipment
 INFO [2024-05-28 12:28:09,814] (%D:22) - Clicked on equipment description
 INFO [2024-05-28 12:28:09,940] (%D:22) - Text Entered into EquipmentDescription
 INFO [2024-05-28 12:28:15,102] (%D:22) - Clicked on update Button
 INFO [2024-05-28 12:28:24,257] (%D:22) - Clicked on inactive equipment
 INFO [2024-05-28 12:28:34,541] (%D:22) - Clicked on filter
 INFO [2024-05-28 12:28:44,768] (%D:22) - Text Entered into equipment name
 INFO [2024-05-28 12:28:54,798] (%D:22) - New Equipment is deactivated
 INFO [2024-05-28 12:28:54,969] (%D:22) - Clicked on faulty
 INFO [2024-05-28 12:29:35,214] (%D:22) - Clicked on manage equipment
 INFO [2024-05-28 12:29:40,527] (%D:22) - Clicked on equipment description
 INFO [2024-05-28 12:29:40,675] (%D:22) - Text Entered into EquipmentDescription
 INFO [2024-05-28 12:29:45,821] (%D:22) - Clicked on update Button
 INFO [2024-05-28 12:29:50,994] (%D:22) - Clicked on faulty
 INFO [2024-05-28 12:30:36,242] (%D:22) - Clicked on filter
 INFO [2024-05-28 12:30:46,409] (%D:22) - Text Entered into equipment name
 INFO [2024-05-28 12:30:56,437] (%D:22) - New Equipment is mark faulty
 INFO [2024-05-28 12:30:56,438] (%D:17) - $$$$$$$$$$$$$$$$$$$$$$$$$$$$$$$$---END---$$$$$$$$$$$$$$$$$$$$$$$$$$$$$$$$$$$$$$$$$$$$$$
 INFO [2024-05-28 12:30:56,439] (%D:18) -     
 INFO [2024-05-28 12:30:56,492] (%D:10) - **********************************************************************************************
 INFO [2024-05-28 12:30:56,493] (%D:11) - $$$$$$$$$$$$$$$$$$$$$$$$$$$$$$$$Verify the equipment bulk functionality      $$$$$$$$$$$$$$$$$$$$$$$$$$$$$$$$$$$$$$$$$$$$$$
 INFO [2024-05-28 12:30:56,493] (%D:12) - ***********************************************************************************************
 INFO [2024-05-28 12:31:18,136] (%D:22) - Clicked on clicked
 INFO [2024-05-28 12:31:18,286] (%D:22) - Text Entered into Enter Email id
 INFO [2024-05-28 12:31:38,704] (%D:22) - Clicked on clicked
 INFO [2024-05-28 12:31:38,991] (%D:22) - Text Entered into Enter password
 INFO [2024-05-28 12:31:59,135] (%D:22) - Clicked on Login
 INFO [2024-05-28 12:32:19,481] (%D:22) - Clicked on Equipment Module
 INFO [2024-05-28 12:32:19,924] (%D:22) - Clicked on bulk upload button
 INFO [2024-05-28 12:32:28,034] (%D:22) - File is uploaded Sucessfully
 INFO [2024-05-28 12:32:28,169] (%D:22) - Clicked on bulk submit button
 INFO [2024-05-28 12:32:49,374] (%D:30) - Unable to click on element bulk upload button
 INFO [2024-05-28 12:32:49,546] (%D:17) - $$$$$$$$$$$$$$$$$$$$$$$$$$$$$$$$---END---$$$$$$$$$$$$$$$$$$$$$$$$$$$$$$$$$$$$$$$$$$$$$$
 INFO [2024-05-28 12:32:49,546] (%D:18) -     
 INFO [2024-05-28 12:32:49,567] (%D:10) - **********************************************************************************************
 INFO [2024-05-28 12:32:49,567] (%D:11) - $$$$$$$$$$$$$$$$$$$$$$$$$$$$$$$$Verify the Assign Equipment and Return equipment functionality      $$$$$$$$$$$$$$$$$$$$$$$$$$$$$$$$$$$$$$$$$$$$$$
 INFO [2024-05-28 12:32:49,567] (%D:12) - ***********************************************************************************************
 INFO [2024-05-28 12:33:09,694] (%D:22) - Clicked on clicked
 INFO [2024-05-28 12:33:09,870] (%D:22) - Text Entered into Enter Email id
 INFO [2024-05-28 12:33:30,056] (%D:22) - Clicked on clicked
 INFO [2024-05-28 12:33:30,190] (%D:22) - Text Entered into Enter password
 INFO [2024-05-28 12:33:50,372] (%D:22) - Clicked on Login
 INFO [2024-05-28 12:34:10,718] (%D:22) - Clicked on Equipment Module
 INFO [2024-05-28 12:34:11,068] (%D:22) - Clicked on Add new Equipment Module
 INFO [2024-05-28 12:34:11,433] (%D:22) - Text Entered into EquipmentDescription
 INFO [2024-05-28 12:34:11,620] (%D:22) - Clicked on equipment description
 INFO [2024-05-28 12:34:11,776] (%D:22) - Text Entered into EquipmentDescription
 INFO [2024-05-28 12:34:11,891] (%D:22) - Clicked on client name selected
 INFO [2024-05-28 12:34:12,014] (%D:22) - Clicked on John Fred
 INFO [2024-05-28 12:34:14,233] (%D:22) - Clicked on site name selected
 INFO [2024-05-28 12:34:14,268] (%D:30) - Unable to click on element sativa
 INFO [2024-05-28 12:34:14,445] (%D:17) - $$$$$$$$$$$$$$$$$$$$$$$$$$$$$$$$---END---$$$$$$$$$$$$$$$$$$$$$$$$$$$$$$$$$$$$$$$$$$$$$$
 INFO [2024-05-28 12:34:14,445] (%D:18) -     
